
Total seq:	15999
Total letters:	7785541
Average_len:	486.626726670417
Med_len:	514
Standard dev:	32.7485718015216

trimmed_letters:	45461
trimmed_letters(%):	0.583
trimmed_seqs:		1837
trimmed_seqs(%):	11.481

prefix consensus: CGGTGT
filtered seqs with wrong prefix or primers: 0
filtered seqs with ambiguous base calls: 738
long seqs trimmed to: 514
short seqs < 411: 254
good seqs left: 15007


Prefix	count
CGGTGT	15763
TGGTGT	32
CGGTGC	20
CGGTAT	18
AGGTGT	16
CGATGT	14
CGGAGT	14
CGGCGT	14
CGGTGG	12
CGGTTT	12
CGTTGT	12
CGGTGA	10
CAGTGT	10
CGGTCT	10
CGGGTG	10
CTGTGT	8
CGTGTG	6
GGTGTG	4
CCGTGT	4
CGCTGT	2
CGGTAC	2
GTGTGT	2
CGTCGG	2
CGGGGT	2


Length	count
967	2
918	2
885	2
813	2
801	2
785	2
780	2
778	2
757	2
751	2
745	2
736	2
733	2
729	2
727	2
725	2
721	2
720	2
718	2
717	4
710	2
697	2
694	4
693	2
692	2
689	2
687	2
686	2
685	2
683	2
679	1
677	2
673	2
671	2
670	4
664	2
662	2
661	2
659	2
656	4
655	2
653	2
652	2
648	6
646	4
645	2
644	2
643	2
642	2
641	4
640	2
638	6
633	2
631	2
628	2
627	2
623	2
621	2
617	6
616	2
614	2
609	2
605	2
599	2
595	2
594	4
593	4
591	4
590	2
588	2
582	2
579	2
577	2
576	2
575	2
574	4
571	2
569	2
565	2
560	2
558	4
557	2
556	4
554	4
553	8
552	2
551	2
550	4
549	4
548	6
547	4
546	14
545	4
544	8
543	8
542	8
541	4
540	22
539	14
538	12
537	14
536	20
535	8
534	22
533	26
532	36
531	40
530	44
529	40
528	34
527	46
526	94
525	86
524	66
523	58
522	64
521	78
520	92
519	134
518	190
517	170
516	84
515	62
514	100
513	172
512	146
511	104
510	108
509	100
508	106
507	118
506	106
505	174
504	158
503	224
502	146
501	178
500	160
499	142
498	246
497	226
496	340
495	382
494	196
493	206
492	260
491	368
490	550
489	346
488	380
487	228
486	334
485	368
484	340
483	362
482	360
481	376
480	382
479	374
478	320
477	272
476	262
475	258
474	182
473	248
472	258
471	224
470	316
469	278
468	262
467	174
466	84
465	76
464	66
463	98
462	46
461	58
460	54
459	74
458	46
457	64
456	28
455	56
454	40
453	40
452	28
451	50
450	30
449	52
448	28
447	34
446	36
445	36
444	42
443	40
442	58
441	30
440	72
439	56
438	26
437	14
436	20
435	14
434	22
433	8
432	12
431	18
430	8
429	24
428	6
427	18
426	12
425	12
424	18
423	16
422	26
421	22
420	22
419	22
418	22
417	24
416	22
415	34
414	28
413	28
412	18
411	18
410	14
409	12
408	16
407	12
406	18
405	16
404	14
403	14
402	10
401	24
400	22
399	10
398	16
397	16
396	10
395	16
394	12
393	10
392	18
391	6
